<?xml version="1.0" encoding="UTF-8"?>
<beans xmlns="http://www.springframework.org/schema/beans" xmlns:xsi="http://www.w3.org/2001/XMLSchema-instance"
	xmlns:context="http://www.springframework.org/schema/context"
	xsi:schemaLocation="http://www.springframework.org/schema/beans 
	http://www.springframework.org/schema/beans/spring-beans.xsd 
	http://www.springframework.org/schema/context 
	http://www.springframework.org/schema/context/spring-context.xsd">

	<context:annotation-config />
	<context:component-scan base-package="com.excilys.formation.yaeba.dao.impl" />
	<context:property-placeholder location="classpath:bdd.properties" />

	<bean name="dataSource" class="org.apache.commons.dbcp.BasicDataSource">
		<property name="driverClassName" value="${db.driver}" />
		<property name="url" value="${db.url}" />
		<property name="username" value="${db.username}" />
		<property name="password" value="${db.password}" />
	</bean>

	<bean name="sessionFactory" class="org.springframework.orm.hibernate3.annotation.AnnotationSessionFactoryBean">
		<property name="annotatedClasses">
			<list>
				<value>com.excilys.formation.yaeba.model.Utilisateur</value>
				<value>com.excilys.formation.yaeba.model.Role</value>
				<value>com.excilys.formation.yaeba.model.Compte</value>
				<value>com.excilys.formation.yaeba.model.Operation</value>
			</list>
		</property>
		<property name="dataSource" ref="dataSource" />
		<property name="annotatedPackages">
			<list>
				<value>com.excilys.formation.yaeba.model</value>
			</list>
		</property>
		<property name="hibernateProperties">
			<props>
				<prop key="hibernate.dialect">${hibernate.dialect}</prop>
				<prop key="hibernate.show_sql">true</prop>
				<prop key="hibernate.hbm2ddl.auto">update</prop>
			</props>
		</property>
	</bean>	

</beans>